<?xml version="1.0" encoding="UTF-8"?>
<!-- Generated by org.testng.reporters.JUnitReportReporter -->
<testsuite hostname="DESKTOP-RTB5JCP" failures="0" tests="1" name="TestOne" time="0.004" errors="0" timestamp="2022-12-24T19:05:12 EET" skipped="0">
  <testcase classname="TestOne" name="doit" time="0.004"/>
  <system-out/>
</testsuite> <!-- TestOne -->
